<?xml version="1.0" encoding="UTF-8"?>
<testng-results ignored="0" total="1" passed="1" failed="0" skipped="0">
  <reporter-output>
  </reporter-output>
  <suite started-at="2024-04-01T11:56:31 IST" name="Default suite" finished-at="2024-04-01T11:56:41 IST" duration-ms="10504">
    <groups>
      <group name="cucumber">
        <method signature="AbstractTestNGCucumberTests.runScenario(io.cucumber.testng.PickleWrapper,io.cucumber.testng.FeatureWrapper)[pri:0, instance:TestRunner.LoginRun@1ce24091]" name="runScenario" class="io.cucumber.testng.AbstractTestNGCucumberTests"/>
      </group> <!-- cucumber -->
    </groups>
    <test started-at="2024-04-01T11:56:31 IST" name="Default test" finished-at="2024-04-01T11:56:41 IST" duration-ms="10504">
      <class name="TestRunner.LoginRun">
        <test-method is-config="true" signature="setUpClass(org.testng.ITestContext)[pri:0, instance:TestRunner.LoginRun@1ce24091]" started-at="2024-04-01T11:56:31 IST" name="setUpClass" finished-at="2024-04-01T11:56:31 IST" duration-ms="399" status="PASS">
          <params>
            <param index="0">
              <value>
                <![CDATA[org.testng.TestRunner@288cdaab]]>
              </value>
            </param>
          </params>
          <reporter-output>
          </reporter-output>
        </test-method> <!-- setUpClass -->
        <test-method signature="runScenario(io.cucumber.testng.PickleWrapper,io.cucumber.testng.FeatureWrapper)[pri:0, instance:TestRunner.LoginRun@1ce24091]" started-at="2024-04-01T11:56:31 IST" name="runScenario" description="Runs Cucumber Scenarios" data-provider="scenarios" finished-at="2024-04-01T11:56:41 IST" duration-ms="10041" status="PASS">
          <params>
            <param index="0">
              <value>
                <![CDATA["Validate Admin Login"]]>
              </value>
            </param>
            <param index="1">
              <value>
                <![CDATA["Admin Login for OrangeHRM"]]>
              </value>
            </param>
          </params>
          <reporter-output>
          </reporter-output>
        </test-method> <!-- runScenario -->
        <test-method is-config="true" signature="tearDownClass()[pri:0, instance:TestRunner.LoginRun@1ce24091]" started-at="2024-04-01T11:56:41 IST" name="tearDownClass" finished-at="2024-04-01T11:56:41 IST" duration-ms="30" status="PASS">
          <reporter-output>
          </reporter-output>
        </test-method> <!-- tearDownClass -->
      </class> <!-- TestRunner.LoginRun -->
    </test> <!-- Default test -->
  </suite> <!-- Default suite -->
</testng-results>
